# JRE version: OpenJDK Runtime Environment Microsoft-10800295 (17.0.14+7) (build 17.0.14+7-LTS)
# Java VM: OpenJDK 64-Bit Server VM Microsoft-10800295 (17.0.14+7-LTS, mixed mode, sharing, tiered, compressed oops, compressed class ptrs, g1 gc, windows-amd64)
GC Precious Log:
 CPUs: 16 total, 16 available
 Memory: 16004M
 Large Page Support: Disabled
 NUMA Support: Disabled
 Compressed Oops: Enabled (Zero based)
 Heap Region Size: 2M
 Heap Min Capacity: 8M
 Heap Initial Capacity: 252M
 Heap Max Capacity: 4002M
 Pre-touch: Disabled
 Parallel Workers: 13
 Concurrent Workers: 3
 Concurrent Refinement Workers: 13
 Periodic GC: Disabled
Heap:
 garbage-first heap   total 61440K, used 33132K [0x0000000705e00000, 0x0000000800000000)
  region size 2048K, 10 young (20480K), 2 survivors (4096K)
 Metaspace       used 32533K, committed 32896K, reserved 1114112K
  class space    used 4394K, committed 4544K, reserved 1048576K
GC Heap History (14 events):
Event: 0.876 GC heap before
{Heap before GC invocations=0 (full 0):
 garbage-first heap   total 258048K, used 20480K [0x0000000705e00000, 0x0000000800000000)
  region size 2048K, 11 young (22528K), 0 survivors (0K)
 Metaspace       used 3373K, committed 3520K, reserved 1114112K
  class space    used 375K, committed 448K, reserved 1048576K
}
Event: 0.879 GC heap after
{Heap after GC invocations=1 (full 0):
 garbage-first heap   total 258048K, used 9237K [0x0000000705e00000, 0x0000000800000000)
  region size 2048K, 2 young (4096K), 2 survivors (4096K)
 Metaspace       used 3373K, committed 3520K, reserved 1114112K
  class space    used 375K, committed 448K, reserved 1048576K
}
Event: 1.498 GC heap before
{Heap before GC invocations=1 (full 0):
 garbage-first heap   total 258048K, used 29717K [0x0000000705e00000, 0x0000000800000000)
  region size 2048K, 12 young (24576K), 2 survivors (4096K)
 Metaspace       used 8215K, committed 8448K, reserved 1114112K
  class space    used 1031K, committed 1152K, reserved 1048576K
}
Event: 1.501 GC heap after
{Heap after GC invocations=2 (full 0):
 garbage-first heap   total 258048K, used 11535K [0x0000000705e00000, 0x0000000800000000)
  region size 2048K, 1 young (2048K), 1 survivors (2048K)
 Metaspace       used 8215K, committed 8448K, reserved 1114112K
  class space    used 1031K, committed 1152K, reserved 1048576K
}
Event: 2.858 GC heap before
{Heap before GC invocations=2 (full 0):
 garbage-first heap   total 258048K, used 66831K [0x0000000705e00000, 0x0000000800000000)
  region size 2048K, 29 young (59392K), 1 survivors (2048K)
 Metaspace       used 20642K, committed 20992K, reserved 1114112K
  class space    used 2714K, committed 2880K, reserved 1048576K
}
Event: 2.863 GC heap after
{Heap after GC invocations=3 (full 0):
 garbage-first heap   total 258048K, used 15192K [0x0000000705e00000, 0x0000000800000000)
  region size 2048K, 3 young (6144K), 3 survivors (6144K)
 Metaspace       used 20642K, committed 20992K, reserved 1114112K
  class space    used 2714K, committed 2880K, reserved 1048576K
}
Event: 2.886 GC heap before
{Heap before GC invocations=3 (full 0):
 garbage-first heap   total 258048K, used 17240K [0x0000000705e00000, 0x0000000800000000)
  region size 2048K, 5 young (10240K), 3 survivors (6144K)
 Metaspace       used 21170K, committed 21504K, reserved 1114112K
  class space    used 2791K, committed 2944K, reserved 1048576K
}
Event: 2.892 GC heap after
{Heap after GC invocations=4 (full 0):
 garbage-first heap   total 258048K, used 15472K [0x0000000705e00000, 0x0000000800000000)
  region size 2048K, 3 young (6144K), 3 survivors (6144K)
 Metaspace       used 21170K, committed 21504K, reserved 1114112K
  class space    used 2791K, committed 2944K, reserved 1048576K
}
Event: 3.814 GC heap before
{Heap before GC invocations=5 (full 0):
 garbage-first heap   total 61440K, used 46192K [0x0000000705e00000, 0x0000000800000000)
  region size 2048K, 18 young (36864K), 3 survivors (6144K)
 Metaspace       used 24783K, committed 25152K, reserved 1114112K
  class space    used 3221K, committed 3392K, reserved 1048576K
}
Event: 3.826 GC heap after
{Heap after GC invocations=6 (full 0):
 garbage-first heap   total 61440K, used 18703K [0x0000000705e00000, 0x0000000800000000)
  region size 2048K, 2 young (4096K), 2 survivors (4096K)
 Metaspace       used 24783K, committed 25152K, reserved 1114112K
  class space    used 3221K, committed 3392K, reserved 1048576K
}
Event: 4.710 GC heap before
{Heap before GC invocations=6 (full 0):
 garbage-first heap   total 61440K, used 39183K [0x0000000705e00000, 0x0000000800000000)
  region size 2048K, 12 young (24576K), 2 survivors (4096K)
 Metaspace       used 27089K, committed 27520K, reserved 1114112K
  class space    used 3507K, committed 3712K, reserved 1048576K
}
Event: 4.716 GC heap after
{Heap after GC invocations=7 (full 0):
 garbage-first heap   total 61440K, used 19748K [0x0000000705e00000, 0x0000000800000000)
  region size 2048K, 1 young (2048K), 1 survivors (2048K)
 Metaspace       used 27089K, committed 27520K, reserved 1114112K
  class space    used 3507K, committed 3712K, reserved 1048576K
}
Event: 9.821 GC heap before
{Heap before GC invocations=7 (full 0):
 garbage-first heap   total 61440K, used 42276K [0x0000000705e00000, 0x0000000800000000)
  region size 2048K, 12 young (24576K), 1 survivors (2048K)
 Metaspace       used 30445K, committed 30848K, reserved 1114112K
  class space    used 4087K, committed 4288K, reserved 1048576K
}
Event: 9.829 GC heap after
{Heap after GC invocations=8 (full 0):
 garbage-first heap   total 61440K, used 20844K [0x0000000705e00000, 0x0000000800000000)
  region size 2048K, 2 young (4096K), 2 survivors (4096K)
 Metaspace       used 30445K, committed 30848K, reserved 1114112K
  class space    used 4087K, committed 4288K, reserved 1048576K
}

